[debug] [2021-08-13T06:16:49.996Z] ----------------------------------------------------------------------
[debug] [2021-08-13T06:16:49.998Z] Command:       /home/guru/.nvm/versions/node/v16.4.2/bin/node /home/guru/.nvm/versions/node/v16.4.2/bin/firebase init
[debug] [2021-08-13T06:16:49.998Z] CLI Version:   9.16.3
[debug] [2021-08-13T06:16:49.999Z] Platform:      linux
[debug] [2021-08-13T06:16:49.999Z] Node Version:  v16.4.2
[debug] [2021-08-13T06:16:50.066Z] Time:          Fri Aug 13 2021 11:46:49 GMT+0530 (India Standard Time)
[debug] [2021-08-13T06:16:50.067Z] ----------------------------------------------------------------------
[debug] 
[debug] [2021-08-13T06:16:50.193Z] > command requires scopes: ["email","openid","https://www.googleapis.com/auth/cloudplatformprojects.readonly","https://www.googleapis.com/auth/firebase","https://www.googleapis.com/auth/cloud-platform"]
[debug] [2021-08-13T06:16:50.193Z] > authorizing via signed-in user (s160552@rguktsklm.ac.in)
[info] 
     ######## #### ########  ######## ########     ###     ######  ########
     ##        ##  ##     ## ##       ##     ##  ##   ##  ##       ##
     ######    ##  ########  ######   ########  #########  ######  ######
     ##        ##  ##    ##  ##       ##     ## ##     ##       ## ##
     ##       #### ##     ## ######## ########  ##     ##  ######  ########

You're about to initialize a Firebase project in this directory:

  /home/guru/Documents/Angular/first-app

Before we get started, keep in mind:

  * You are initializing within an existing Firebase project directory

[info] 
=== Project Setup
[info] 
[info] First, let's associate this project directory with a Firebase project.
[info] You can create multiple project aliases by running firebase use --add, 
[info] but for now we'll just set up a default project.
[info] 
[info] i  .firebaserc already has a default project, using questionmaker. 
[debug] [2021-08-13T06:17:02.964Z] > refreshing access token with scopes: []
[debug] [2021-08-13T06:17:02.965Z] >>> HTTP REQUEST POST https://www.googleapis.com/oauth2/v3/token  
 <request body omitted>
[debug] [2021-08-13T06:17:03.823Z] <<< HTTP RESPONSE 200 {"cache-control":"no-cache, no-store, max-age=0, must-revalidate","pragma":"no-cache","expires":"Mon, 01 Jan 1990 00:00:00 GMT","date":"Fri, 13 Aug 2021 06:17:03 GMT","content-type":"application/json; charset=utf-8","vary":"X-Origin, Referer, Origin,Accept-Encoding","server":"scaffolding on HTTPServer2","x-xss-protection":"0","x-frame-options":"SAMEORIGIN","x-content-type-options":"nosniff","alt-svc":"h3=\":443\"; ma=2592000,h3-29=\":443\"; ma=2592000,h3-T051=\":443\"; ma=2592000,h3-Q050=\":443\"; ma=2592000,h3-Q046=\":443\"; ma=2592000,h3-Q043=\":443\"; ma=2592000,quic=\":443\"; ma=2592000; v=\"46,43\"","accept-ranges":"none","transfer-encoding":"chunked"}
[debug] [2021-08-13T06:17:03.909Z] >>> [apiv2][query] GET https://firebase.googleapis.com/v1beta1/projects/questionmaker [none]
[debug] [2021-08-13T06:17:10.093Z] <<< [apiv2][status] GET https://firebase.googleapis.com/v1beta1/projects/questionmaker 200
[debug] [2021-08-13T06:17:10.094Z] <<< [apiv2][body] GET https://firebase.googleapis.com/v1beta1/projects/questionmaker {"projectId":"questionmaker","projectNumber":"40468942401","displayName":"questionmaker","name":"projects/questionmaker","resources":{"hostingSite":"questionmaker"},"state":"ACTIVE"}
[info] 
=== Hosting:github Setup
[info] 
[info] i  Detected a .git folder at /home/guru/Documents/Angular/first-app 
[info] i  Authorizing with GitHub to upload your service account to a GitHub repository's secrets store. 
[info] 
[info] Visit this URL on this device to log in:
[info] https://github.com/login/oauth/authorize?client_id=89cf50f02ac6aaed3484&state=154757425&redirect_uri=http%3A%2F%2Flocalhost%3A9005&scope=read%3Auser%20repo%20public_repo
[info] 
[info] Waiting for authentication...
[debug] [2021-08-13T06:17:15.262Z] >>> HTTP REQUEST POST https://github.com/login/oauth/access_token  
 {"client_id":"89cf50f02ac6aaed3484","client_secret":"3330d14abc895d9a74d5f17cd7a00711fa2c5bf0","code":"3ee9b65486604b7e096a","redirect_uri":"http://localhost:9005","state":"154757425"}
[debug] [2021-08-13T06:17:16.818Z] <<< HTTP RESPONSE 200 {"server":"GitHub.com","date":"Fri, 13 Aug 2021 06:17:16 GMT","content-type":"application/json; charset=utf-8","transfer-encoding":"chunked","vary":"X-PJAX, Accept-Encoding, Accept, X-Requested-With","permissions-policy":"interest-cohort=()","etag":"W/\"2e8bae2787f54b3128403695c545e17a\"","cache-control":"max-age=0, private, must-revalidate","strict-transport-security":"max-age=31536000; includeSubdomains; preload","x-frame-options":"deny","x-content-type-options":"nosniff","x-xss-protection":"0","referrer-policy":"origin-when-cross-origin, strict-origin-when-cross-origin","expect-ct":"max-age=2592000, report-uri=\"https://api.github.com/_private/browser/errors\"","content-security-policy":"default-src 'none'; base-uri 'self'; block-all-mixed-content; connect-src 'self' uploads.github.com www.githubstatus.com collector.githubapp.com api.github.com github-cloud.s3.amazonaws.com github-production-repository-file-5c1aeb.s3.amazonaws.com github-production-upload-manifest-file-7fdce7.s3.amazonaws.com github-production-user-asset-6210df.s3.amazonaws.com cdn.optimizely.com logx.optimizely.com/v1/events translator.github.com wss://alive.github.com; font-src github.githubassets.com; form-action 'self' github.com gist.github.com; frame-ancestors 'none'; frame-src render.githubusercontent.com render-temp.githubusercontent.com viewscreen.githubusercontent.com; img-src 'self' data: github.githubassets.com identicons.github.com collector.githubapp.com github-cloud.s3.amazonaws.com secured-user-images.githubusercontent.com/ *.githubusercontent.com; manifest-src 'self'; media-src 'none'; script-src github.githubassets.com; style-src 'unsafe-inline' github.githubassets.com; worker-src github.com/socket-worker-3f088aa2.js gist.github.com/socket-worker-3f088aa2.js","x-github-request-id":"E1CE:26A1:4AA49:10C0B3:61160E6B"}
[debug] [2021-08-13T06:17:16.850Z] >>> [apiv2][query] GET https://api.github.com/user [none]
[debug] [2021-08-13T06:17:17.962Z] <<< [apiv2][status] GET https://api.github.com/user 200
[debug] [2021-08-13T06:17:17.963Z] <<< [apiv2][body] GET https://api.github.com/user {"login":"GuruNadh552","id":53335728,"node_id":"MDQ6VXNlcjUzMzM1NzI4","avatar_url":"https://avatars.githubusercontent.com/u/53335728?v=4","gravatar_id":"","url":"https://api.github.com/users/GuruNadh552","html_url":"https://github.com/GuruNadh552","followers_url":"https://api.github.com/users/GuruNadh552/followers","following_url":"https://api.github.com/users/GuruNadh552/following{/other_user}","gists_url":"https://api.github.com/users/GuruNadh552/gists{/gist_id}","starred_url":"https://api.github.com/users/GuruNadh552/starred{/owner}{/repo}","subscriptions_url":"https://api.github.com/users/GuruNadh552/subscriptions","organizations_url":"https://api.github.com/users/GuruNadh552/orgs","repos_url":"https://api.github.com/users/GuruNadh552/repos","events_url":"https://api.github.com/users/GuruNadh552/events{/privacy}","received_events_url":"https://api.github.com/users/GuruNadh552/received_events","type":"User","site_admin":false,"name":"PUKKALLA GURUNADH","company":null,"blog":"","location":null,"email":null,"hireable":null,"bio":"Computer Science Student At IIIT Srikakulam","twitter_username":null,"public_repos":64,"public_gists":0,"followers":4,"following":4,"created_at":"2019-07-26T09:18:25Z","updated_at":"2021-08-03T12:29:35Z","private_gists":0,"total_private_repos":0,"owned_private_repos":0,"disk_usage":97629,"collaborators":0,"two_factor_authentication":false,"plan":{"name":"free","space":976562499,"collaborators":0,"private_repos":10000}}
[info] 
[info] ✔  Success! Logged into GitHub as GuruNadh552 
[info] 
[debug] [2021-08-13T06:17:29.352Z] >>> [apiv2][query] GET https://api.github.com/repos//actions/secrets/public-key type=owner
[debug] [2021-08-13T06:17:30.124Z] <<< [apiv2][status] GET https://api.github.com/repos//actions/secrets/public-key 404
[debug] [2021-08-13T06:17:30.125Z] <<< [apiv2][body] GET https://api.github.com/repos//actions/secrets/public-key {"message":"Not Found","documentation_url":"https://docs.github.com/rest"}
[debug] [2021-08-13T06:17:33.868Z] >>> [apiv2][query] GET https://api.github.com/repos//actions/secrets/public-key type=owner
[debug] [2021-08-13T06:17:34.553Z] <<< [apiv2][status] GET https://api.github.com/repos//actions/secrets/public-key 404
[debug] [2021-08-13T06:17:34.553Z] <<< [apiv2][body] GET https://api.github.com/repos//actions/secrets/public-key {"message":"Not Found","documentation_url":"https://docs.github.com/rest"}
